base64.c
db_api.c
db_arena.c
db_cputime.c
db_cursor.c
db_drop.c
db_frame.c
db_handle.c
db_iterator.c
db_malloc.c
db_map.c
db_object.c
D:\github\javascript-database\database\alpha\db.h(11): error C2061: syntax error: identifier 'Btree1_stats'
D:\github\javascript-database\database\alpha\db.h(11): error C2059: syntax error: ';'
D:\github\javascript-database\database\alpha\db.h(11): error C2059: syntax error: ','
D:\github\javascript-database\database\alpha\db.h(16): error C2061: syntax error: identifier 'uint64_t'
D:\github\javascript-database\database\alpha\db.h(17): error C2061: syntax error: identifier 'addr'
D:\github\javascript-database\database\alpha\db.h(17): error C2059: syntax error: ';'
D:\github\javascript-database\database\alpha\db.h(17): error C2059: syntax error: ':'
D:\github\javascript-database\database\alpha\db.h(18): error C2061: syntax error: identifier 'verNo'
D:\github\javascript-database\database\alpha\db.h(18): error C2059: syntax error: ';'
D:\github\javascript-database\database\alpha\db.h(18): error C2059: syntax error: ':'
D:\github\javascript-database\database\alpha\db.h(21): error C2061: syntax error: identifier 'uint32_t'
D:\github\javascript-database\database\alpha\db.h(22): error C2061: syntax error: identifier 'seg'
D:\github\javascript-database\database\alpha\db.h(22): error C2059: syntax error: ';'
D:\github\javascript-database\database\alpha\db.h(24): error C2061: syntax error: identifier 'uint8_t'
D:\github\javascript-database\database\alpha\db.h(25): error C2061: syntax error: identifier 'xtra'
D:\github\javascript-database\database\alpha\db.h(25): error C2059: syntax error: ';'
D:\github\javascript-database\database\alpha\db.h(25): error C2059: syntax error: '['
D:\github\javascript-database\database\alpha\db.h(26): error C2061: syntax error: identifier 'latch'
D:\github\javascript-database\database\alpha\db.h(26): error C2059: syntax error: ';'
D:\github\javascript-database\database\alpha\db.h(26): error C2059: syntax error: '['
D:\github\javascript-database\database\alpha\db.h(28): error C2061: syntax error: identifier 'uint8_t'
D:\github\javascript-database\database\alpha\db.h(29): error C2061: syntax error: identifier 'kill'
D:\github\javascript-database\database\alpha\db.h(29): error C2059: syntax error: ';'
D:\github\javascript-database\database\alpha\db.h(29): error C2059: syntax error: ':'
D:\github\javascript-database\database\alpha\db.h(30): error C2061: syntax error: identifier 'type'
D:\github\javascript-database\database\alpha\db.h(30): error C2059: syntax error: ';'
D:\github\javascript-database\database\alpha\db.h(30): error C2059: syntax error: ':'
D:\github\javascript-database\database\alpha\db.h(32): error C2061: syntax error: identifier 'uint8_t'
D:\github\javascript-database\database\alpha\db.h(33): error C2061: syntax error: identifier 'nslot'
D:\github\javascript-database\database\alpha\db.h(33): error C2059: syntax error: ';'
D:\github\javascript-database\database\alpha\db.h(34): error C2061: syntax error: identifier 'maxidx'
D:\github\javascript-database\database\alpha\db.h(34): error C2059: syntax error: ';'
D:\github\javascript-database\database\alpha\db.h(35): error C2061: syntax error: identifier 'firstx'
D:\github\javascript-database\database\alpha\db.h(35): error C2059: syntax error: ';'
D:\github\javascript-database\database\alpha\db.h(36): error C2061: syntax error: identifier 'ttype'
D:\github\javascript-database\database\alpha\db.h(36): error C2059: syntax error: ';'
D:\github\javascript-database\database\alpha\db.h(37): error C2061: syntax error: identifier 'docIdx'
D:\github\javascript-database\database\alpha\db.h(37): error C2059: syntax error: ';'
D:\github\javascript-database\database\alpha\db.h(38): error C2061: syntax error: identifier 'rbcmp'
D:\github\javascript-database\database\alpha\db.h(38): error C2059: syntax error: ';'
D:\github\javascript-database\database\alpha\db.h(39): error C2059: syntax error: '}'
D:\github\javascript-database\database\alpha\db.h(40): error C2059: syntax error: '}'
D:\github\javascript-database\database\alpha\db.h(41): error C2059: syntax error: '}'
D:\github\javascript-database\database\alpha\db.h(42): error C2059: syntax error: '}'
D:\github\javascript-database\database\alpha\db.h(43): error C2059: syntax error: '}'
D:\github\javascript-database\database\alpha\db.h(73): error C2061: syntax error: identifier 'uint16_t'
D:\github\javascript-database\database\alpha\db.h(74): error C2061: syntax error: identifier 'str'
D:\github\javascript-database\database\alpha\db.h(74): error C2059: syntax error: ';'
D:\github\javascript-database\database\alpha\db.h(74): error C2059: syntax error: '['
D:\github\javascript-database\database\alpha\db.h(75): error C2059: syntax error: '}'
D:\github\javascript-database\database\alpha\db.h(118): error C2061: syntax error: identifier 'uint64_t'
D:\github\javascript-database\database\alpha\db.h(119): error C2061: syntax error: identifier 'offset'
D:\github\javascript-database\database\alpha\db.h(119): error C2059: syntax error: ';'
D:\github\javascript-database\database\alpha\db.h(121): error C2061: syntax error: identifier 'wordVal'
D:\github\javascript-database\database\alpha\db.h(121): error C2059: syntax error: ';'
D:\github\javascript-database\database\alpha\db.h(123): error C2061: syntax error: identifier 'boolVal'
D:\github\javascript-database\database\alpha\db.h(123): error C2059: syntax error: ';'
D:\github\javascript-database\database\alpha\db.h(124): error C2061: syntax error: identifier 'addr'
D:\github\javascript-database\database\alpha\db.h(124): error C2059: syntax error: ';'
D:\github\javascript-database\database\alpha\db.h(126): error C2059: syntax error: '}'
D:\github\javascript-database\database\alpha\db.h(145): error C2061: syntax error: identifier 'ObjId'
D:\github\javascript-database\database\alpha\db.h(146): error C2061: syntax error: identifier 'hndlBits'
D:\github\javascript-database\database\alpha\db.h(146): error C2059: syntax error: ';'
D:\github\javascript-database\database\alpha\db.h(147): error C2059: syntax error: '}'
D:\github\javascript-database\database\alpha\db.h(152): error C2146: syntax error: missing ';' before identifier 'latch'
D:\github\javascript-database\database\alpha\db.h(152): error C2061: syntax error: identifier 'latch'
D:\github\javascript-database\database\alpha\db.h(153): error C2061: syntax error: identifier 'type'
D:\github\javascript-database\database\alpha\db.h(153): error C2059: syntax error: ';'
D:\github\javascript-database\database\alpha\db.h(154): error C2061: syntax error: identifier 'vecLen'
D:\github\javascript-database\database\alpha\db.h(154): error C2059: syntax error: ';'
D:\github\javascript-database\database\alpha\db.h(155): error C2061: syntax error: identifier 'vecMax'
D:\github\javascript-database\database\alpha\db.h(155): error C2059: syntax error: ';'
D:\github\javascript-database\database\alpha\db.h(156): error C2061: syntax error: identifier 'next'
D:\github\javascript-database\database\alpha\db.h(156): error C2059: syntax error: ';'
D:\github\javascript-database\database\alpha\db.h(156): error C2059: syntax error: ','
D:\github\javascript-database\database\alpha\db.h(157): error C2059: syntax error: '}'
D:\github\javascript-database\database\alpha\db.h(159): error C2061: syntax error: identifier 'vectorPush'
D:\github\javascript-database\database\alpha\db.h(159): error C2059: syntax error: ';'
D:\github\javascript-database\database\alpha\db.h(159): error C2059: syntax error: '<parameter-list>'
D:\github\javascript-database\database\alpha\db.h(160): error C2143: syntax error: missing '{' before '*'
D:\github\javascript-database\database\alpha\db.h(160): error C2143: syntax error: missing ')' before '*'
D:\github\javascript-database\database\alpha\db.h(160): error C2081: 'DbVector': name in formal parameter list illegal
D:\github\javascript-database\database\alpha\db.h(160): error C2059: syntax error: ','
D:\github\javascript-database\database\alpha\db.h(160): error C2059: syntax error: ')'
D:\github\javascript-database\database\alpha\db.h(178): error C2061: syntax error: identifier 'uint32_t'
D:\github\javascript-database\database\alpha\db.h(179): error C2061: syntax error: identifier 'base'
D:\github\javascript-database\database\alpha\db.h(179): error C2059: syntax error: ';'
D:\github\javascript-database\database\alpha\db.h(179): error C2059: syntax error: '['
D:\github\javascript-database\database\alpha\db.h(180): error C2059: syntax error: '}'
D:\github\javascript-database\database\alpha\db.h(181): error C2061: syntax error: identifier 'mapId'
D:\github\javascript-database\database\alpha\db.h(181): error C2059: syntax error: ';'
D:\github\javascript-database\database\alpha\db.h(183): error C2061: syntax error: identifier 'ourAddr'
D:\github\javascript-database\database\alpha\db.h(183): error C2059: syntax error: ';'
D:\github\javascript-database\database\alpha\db.h(184): error C2061: syntax error: identifier 'docId'
D:\github\javascript-database\database\alpha\db.h(184): error C2059: syntax error: ';'
D:\github\javascript-database\database\alpha\db.h(185): error C2059: syntax error: '}'
D:\github\javascript-database\database\alpha\db_redblack.h(12): error C2061: syntax error: identifier 'DbAddr'
D:\github\javascript-database\database\alpha\db_redblack.h(13): error C2059: syntax error: '}'
D:\github\javascript-database\database\alpha\db_redblack.h(16): error C2061: syntax error: identifier 'DbAddr'
D:\github\javascript-database\database\alpha\db_redblack.h(20): error C2059: syntax error: '}'
D:\github\javascript-database\database\alpha\db_redblack.h(24): error C2143: syntax error: missing '{' before '*'
D:\github\javascript-database\database\alpha\db_redblack.h(24): fatal error C1003: error count exceeds 100; stopping compilation
db_params.c
D:\github\javascript-database\database\alpha\db.h(11): error C2061: syntax error: identifier 'Btree1_stats'
D:\github\javascript-database\database\alpha\db.h(11): error C2059: syntax error: ';'
D:\github\javascript-database\database\alpha\db.h(11): error C2059: syntax error: ','
D:\github\javascript-database\database\alpha\db.h(16): error C2061: syntax error: identifier 'uint64_t'
D:\github\javascript-database\database\alpha\db.h(17): error C2061: syntax error: identifier 'addr'
D:\github\javascript-database\database\alpha\db.h(17): error C2059: syntax error: ';'
D:\github\javascript-database\database\alpha\db.h(17): error C2059: syntax error: ':'
D:\github\javascript-database\database\alpha\db.h(18): error C2061: syntax error: identifier 'verNo'
D:\github\javascript-database\database\alpha\db.h(18): error C2059: syntax error: ';'
D:\github\javascript-database\database\alpha\db.h(18): error C2059: syntax error: ':'
D:\github\javascript-database\database\alpha\db.h(21): error C2061: syntax error: identifier 'uint32_t'
D:\github\javascript-database\database\alpha\db.h(22): error C2061: syntax error: identifier 'seg'
D:\github\javascript-database\database\alpha\db.h(22): error C2059: syntax error: ';'
D:\github\javascript-database\database\alpha\db.h(24): error C2061: syntax error: identifier 'uint8_t'
D:\github\javascript-database\database\alpha\db.h(25): error C2061: syntax error: identifier 'xtra'
D:\github\javascript-database\database\alpha\db.h(25): error C2059: syntax error: ';'
D:\github\javascript-database\database\alpha\db.h(25): error C2059: syntax error: '['
D:\github\javascript-database\database\alpha\db.h(26): error C2061: syntax error: identifier 'latch'
D:\github\javascript-database\database\alpha\db.h(26): error C2059: syntax error: ';'
D:\github\javascript-database\database\alpha\db.h(26): error C2059: syntax error: '['
D:\github\javascript-database\database\alpha\db.h(28): error C2061: syntax error: identifier 'uint8_t'
D:\github\javascript-database\database\alpha\db.h(29): error C2061: syntax error: identifier 'kill'
D:\github\javascript-database\database\alpha\db.h(29): error C2059: syntax error: ';'
D:\github\javascript-database\database\alpha\db.h(29): error C2059: syntax error: ':'
D:\github\javascript-database\database\alpha\db.h(30): error C2061: syntax error: identifier 'type'
D:\github\javascript-database\database\alpha\db.h(30): error C2059: syntax error: ';'
D:\github\javascript-database\database\alpha\db.h(30): error C2059: syntax error: ':'
D:\github\javascript-database\database\alpha\db.h(32): error C2061: syntax error: identifier 'uint8_t'
D:\github\javascript-database\database\alpha\db.h(33): error C2061: syntax error: identifier 'nslot'
D:\github\javascript-database\database\alpha\db.h(33): error C2059: syntax error: ';'
D:\github\javascript-database\database\alpha\db.h(34): error C2061: syntax error: identifier 'maxidx'
D:\github\javascript-database\database\alpha\db.h(34): error C2059: syntax error: ';'
D:\github\javascript-database\database\alpha\db.h(35): error C2061: syntax error: identifier 'firstx'
D:\github\javascript-database\database\alpha\db.h(35): error C2059: syntax error: ';'
D:\github\javascript-database\database\alpha\db.h(36): error C2061: syntax error: identifier 'ttype'
D:\github\javascript-database\database\alpha\db.h(36): error C2059: syntax error: ';'
D:\github\javascript-database\database\alpha\db.h(37): error C2061: syntax error: identifier 'docIdx'
D:\github\javascript-database\database\alpha\db.h(37): error C2059: syntax error: ';'
D:\github\javascript-database\database\alpha\db.h(38): error C2061: syntax error: identifier 'rbcmp'
D:\github\javascript-database\database\alpha\db.h(38): error C2059: syntax error: ';'
D:\github\javascript-database\database\alpha\db.h(39): error C2059: syntax error: '}'
D:\github\javascript-database\database\alpha\db.h(40): error C2059: syntax error: '}'
D:\github\javascript-database\database\alpha\db.h(41): error C2059: syntax error: '}'
D:\github\javascript-database\database\alpha\db.h(42): error C2059: syntax error: '}'
D:\github\javascript-database\database\alpha\db.h(43): error C2059: syntax error: '}'
D:\github\javascript-database\database\alpha\db.h(73): error C2061: syntax error: identifier 'uint16_t'
D:\github\javascript-database\database\alpha\db.h(74): error C2061: syntax error: identifier 'str'
D:\github\javascript-database\database\alpha\db.h(74): error C2059: syntax error: ';'
D:\github\javascript-database\database\alpha\db.h(74): error C2059: syntax error: '['
D:\github\javascript-database\database\alpha\db.h(75): error C2059: syntax error: '}'
D:\github\javascript-database\database\alpha\db.h(118): error C2061: syntax error: identifier 'uint64_t'
D:\github\javascript-database\database\alpha\db.h(119): error C2061: syntax error: identifier 'offset'
D:\github\javascript-database\database\alpha\db.h(119): error C2059: syntax error: ';'
D:\github\javascript-database\database\alpha\db.h(121): error C2061: syntax error: identifier 'wordVal'
D:\github\javascript-database\database\alpha\db.h(121): error C2059: syntax error: ';'
D:\github\javascript-database\database\alpha\db.h(123): error C2061: syntax error: identifier 'boolVal'
D:\github\javascript-database\database\alpha\db.h(123): error C2059: syntax error: ';'
D:\github\javascript-database\database\alpha\db.h(124): error C2061: syntax error: identifier 'addr'
D:\github\javascript-database\database\alpha\db.h(124): error C2059: syntax error: ';'
D:\github\javascript-database\database\alpha\db.h(126): error C2059: syntax error: '}'
D:\github\javascript-database\database\alpha\db.h(145): error C2061: syntax error: identifier 'ObjId'
D:\github\javascript-database\database\alpha\db.h(146): error C2061: syntax error: identifier 'hndlBits'
D:\github\javascript-database\database\alpha\db.h(146): error C2059: syntax error: ';'
D:\github\javascript-database\database\alpha\db.h(147): error C2059: syntax error: '}'
D:\github\javascript-database\database\alpha\db.h(152): error C2146: syntax error: missing ';' before identifier 'latch'
D:\github\javascript-database\database\alpha\db.h(152): error C2061: syntax error: identifier 'latch'
D:\github\javascript-database\database\alpha\db.h(153): error C2061: syntax error: identifier 'type'
D:\github\javascript-database\database\alpha\db.h(153): error C2059: syntax error: ';'
D:\github\javascript-database\database\alpha\db.h(154): error C2061: syntax error: identifier 'vecLen'
D:\github\javascript-database\database\alpha\db.h(154): error C2059: syntax error: ';'
D:\github\javascript-database\database\alpha\db.h(155): error C2061: syntax error: identifier 'vecMax'
D:\github\javascript-database\database\alpha\db.h(155): error C2059: syntax error: ';'
D:\github\javascript-database\database\alpha\db.h(156): error C2061: syntax error: identifier 'next'
D:\github\javascript-database\database\alpha\db.h(156): error C2059: syntax error: ';'
D:\github\javascript-database\database\alpha\db.h(156): error C2059: syntax error: ','
D:\github\javascript-database\database\alpha\db.h(157): error C2059: syntax error: '}'
D:\github\javascript-database\database\alpha\db.h(159): error C2061: syntax error: identifier 'vectorPush'
D:\github\javascript-database\database\alpha\db.h(159): error C2059: syntax error: ';'
D:\github\javascript-database\database\alpha\db.h(159): error C2059: syntax error: '<parameter-list>'
D:\github\javascript-database\database\alpha\db.h(160): error C2143: syntax error: missing '{' before '*'
D:\github\javascript-database\database\alpha\db.h(160): error C2143: syntax error: missing ')' before '*'
D:\github\javascript-database\database\alpha\db.h(160): error C2081: 'DbVector': name in formal parameter list illegal
D:\github\javascript-database\database\alpha\db.h(160): error C2059: syntax error: ','
D:\github\javascript-database\database\alpha\db.h(160): error C2059: syntax error: ')'
D:\github\javascript-database\database\alpha\db.h(178): error C2061: syntax error: identifier 'uint32_t'
D:\github\javascript-database\database\alpha\db.h(179): error C2061: syntax error: identifier 'base'
D:\github\javascript-database\database\alpha\db.h(179): error C2059: syntax error: ';'
D:\github\javascript-database\database\alpha\db.h(179): error C2059: syntax error: '['
D:\github\javascript-database\database\alpha\db.h(180): error C2059: syntax error: '}'
D:\github\javascript-database\database\alpha\db.h(181): error C2061: syntax error: identifier 'mapId'
D:\github\javascript-database\database\alpha\db.h(181): error C2059: syntax error: ';'
D:\github\javascript-database\database\alpha\db.h(183): error C2061: syntax error: identifier 'ourAddr'
D:\github\javascript-database\database\alpha\db.h(183): error C2059: syntax error: ';'
D:\github\javascript-database\database\alpha\db.h(184): error C2061: syntax error: identifier 'docId'
D:\github\javascript-database\database\alpha\db.h(184): error C2059: syntax error: ';'
D:\github\javascript-database\database\alpha\db.h(185): error C2059: syntax error: '}'
D:\github\javascript-database\database\alpha\db_redblack.h(12): error C2061: syntax error: identifier 'DbAddr'
D:\github\javascript-database\database\alpha\db_redblack.h(13): error C2059: syntax error: '}'
D:\github\javascript-database\database\alpha\db_redblack.h(16): error C2061: syntax error: identifier 'DbAddr'
D:\github\javascript-database\database\alpha\db_redblack.h(20): error C2059: syntax error: '}'
D:\github\javascript-database\database\alpha\db_redblack.h(24): error C2143: syntax error: missing '{' before '*'
D:\github\javascript-database\database\alpha\db_redblack.h(24): fatal error C1003: error count exceeds 100; stopping compilation
db_redblack.c
db_skiplist.c
mvcc_dbapi.c
mvcc_dbdoc.c
mvcc_dbidx.c
mvcc_dbssn1.c
mvcc_dbssn2.c
Generating Code...
Compiling...
mvcc_dbssn3.c
mvcc_dbssn4.c
mvcc_dbtxn.c
oldfind.c
oldfind.c(3): fatal error C1083: Cannot open include file: 'btree1.h': No such file or directory
standalone.c
D:\github\javascript-database\database\alpha\mvcc_dbapi.h(6): error C2061: syntax error: identifier 'mvcc_BeginTxn'
D:\github\javascript-database\database\alpha\mvcc_dbapi.h(6): error C2059: syntax error: ';'
D:\github\javascript-database\database\alpha\mvcc_dbapi.h(6): error C2059: syntax error: '<parameter-list>'
D:\github\javascript-database\database\alpha\mvcc_dbapi.h(7): error C2061: syntax error: identifier 'mvcc_RollbackTxn'
D:\github\javascript-database\database\alpha\mvcc_dbapi.h(7): error C2059: syntax error: ';'
D:\github\javascript-database\database\alpha\mvcc_dbapi.h(7): error C2059: syntax error: '<parameter-list>'
D:\github\javascript-database\database\alpha\mvcc_dbapi.h(8): error C2061: syntax error: identifier 'mvcc_CommitTxn'
D:\github\javascript-database\database\alpha\mvcc_dbapi.h(8): error C2059: syntax error: ';'
D:\github\javascript-database\database\alpha\mvcc_dbapi.h(8): error C2143: syntax error: missing ')' before '*'
D:\github\javascript-database\database\alpha\mvcc_dbapi.h(8): error C2143: syntax error: missing '{' before '*'
D:\github\javascript-database\database\alpha\mvcc_dbapi.h(8): warning C4142: 'Params': benign redefinition of type
D:\github\javascript-database\database\alpha\db.h(126): note: see declaration of 'Params'
D:\github\javascript-database\database\alpha\mvcc_dbapi.h(8): error C2371: 'Params': redefinition; different basic types
D:\github\javascript-database\database\alpha\db.h(126): note: see declaration of 'Params'
D:\github\javascript-database\database\alpha\mvcc_dbapi.h(8): error C2143: syntax error: missing ';' before '*'
D:\github\javascript-database\database\alpha\mvcc_dbapi.h(8): error C2059: syntax error: ')'
D:\github\javascript-database\database\alpha\mvcc_dbapi.h(10): error C2061: syntax error: identifier 'mvcc_installNewVersion'
D:\github\javascript-database\database\alpha\mvcc_dbapi.h(10): error C2059: syntax error: ';'
D:\github\javascript-database\database\alpha\mvcc_dbapi.h(10): error C2059: syntax error: '<parameter-list>'
D:\github\javascript-database\database\alpha\mvcc_dbapi.h(12): error C2061: syntax error: identifier 'mvcc_WriteDoc'
D:\github\javascript-database\database\alpha\mvcc_dbapi.h(12): error C2059: syntax error: ';'
D:\github\javascript-database\database\alpha\mvcc_dbapi.h(12): error C2143: syntax error: missing ')' before '*'
D:\github\javascript-database\database\alpha\mvcc_dbapi.h(12): error C2143: syntax error: missing '{' before '*'
D:\github\javascript-database\database\alpha\mvcc_dbapi.h(12): warning C4142: 'DbHandle': benign redefinition of type
D:\github\javascript-database\database\alpha\db.h(147): note: see declaration of 'DbHandle'
D:\github\javascript-database\database\alpha\mvcc_dbapi.h(12): error C2371: 'DbHandle': redefinition; different basic types
D:\github\javascript-database\database\alpha\db.h(147): note: see declaration of 'DbHandle'
D:\github\javascript-database\database\alpha\mvcc_dbapi.h(12): error C2146: syntax error: missing ';' before identifier 'dbHndl'
D:\github\javascript-database\database\alpha\mvcc_dbapi.h(12): warning C4142: 'DocId': benign redefinition of type
D:\github\javascript-database\database\alpha\db.h(43): note: see declaration of 'DocId'
D:\github\javascript-database\database\alpha\mvcc_dbapi.h(12): error C2371: 'DocId': redefinition; different basic types
D:\github\javascript-database\database\alpha\db.h(43): note: see declaration of 'DocId'
D:\github\javascript-database\database\alpha\mvcc_dbapi.h(12): error C2143: syntax error: missing ';' before '*'
D:\github\javascript-database\database\alpha\mvcc_dbapi.h(12): warning C4142: 'uint32_t': benign redefinition of type
C:\Program Files (x86)\Microsoft Visual Studio\2019\Preview\VC\Tools\MSVC\14.29.29917\include\stdint.h(24): note: see declaration of 'uint32_t'
D:\github\javascript-database\database\alpha\mvcc_dbapi.h(12): error C2370: 'uint32_t': redefinition; different storage class
C:\Program Files (x86)\Microsoft Visual Studio\2019\Preview\VC\Tools\MSVC\14.29.29917\include\stdint.h(24): note: see declaration of 'uint32_t'
D:\github\javascript-database\database\alpha\mvcc_dbapi.h(12): error C2146: syntax error: missing ';' before identifier 'valSize'
D:\github\javascript-database\database\alpha\mvcc_dbapi.h(12): error C2371: 'uint8_t': redefinition; different basic types
C:\Program Files (x86)\Microsoft Visual Studio\2019\Preview\VC\Tools\MSVC\14.29.29917\include\stdint.h(22): note: see declaration of 'uint8_t'
D:\github\javascript-database\database\alpha\mvcc_dbapi.h(12): error C2371: 'uint16_t': redefinition; different basic types
C:\Program Files (x86)\Microsoft Visual Studio\2019\Preview\VC\Tools\MSVC\14.29.29917\include\stdint.h(23): note: see declaration of 'uint16_t'
D:\github\javascript-database\database\alpha\mvcc_dbapi.h(12): error C2146: syntax error: missing ';' before identifier 'keyCount'
D:\github\javascript-database\database\alpha\mvcc_dbapi.h(12): error C2059: syntax error: ')'
D:\github\javascript-database\database\alpha\mvcc_dbapi.h(14): error C2061: syntax error: identifier 'mvcc_ProcessKey'
D:\github\javascript-database\database\alpha\mvcc_dbapi.h(14): error C2059: syntax error: ';'
D:\github\javascript-database\database\alpha\mvcc_dbapi.h(14): error C2059: syntax error: '<parameter-list>'
standalone.c(126): error C2065: 'MVCCResult': undeclared identifier
standalone.c(126): error C2146: syntax error: missing ';' before identifier 'result'
standalone.c(126): error C2065: 'result': undeclared identifier
standalone.c(140): error C2065: 'Txn': undeclared identifier
standalone.c(140): error C2297: '*': illegal, right operand has type 'int *'
standalone.c(144): error C2065: 'Doc': undeclared identifier
standalone.c(182): error C2065: 'TxnSerializable': undeclared identifier
standalone.c(183): error C2065: 'result': undeclared identifier
standalone.c(184): error C2065: 'result': undeclared identifier
standalone.c(184): error C2224: left of '.value' must have struct/union type
standalone.c(266): error C2065: 'result': undeclared identifier
standalone.c(271): error C2065: 'TxnSerializable': undeclared identifier
standalone.c(272): error C2065: 'result': undeclared identifier
standalone.c(273): error C2065: 'result': undeclared identifier
standalone.c(274): error C2065: 'result': undeclared identifier
standalone.c(274): error C2224: left of '.value' must have struct/union type
Generating Code...
